d:\sitprojects\ict1009team31cpp\partyrun\x64\release\vc142.pdb
d:\sitprojects\ict1009team31cpp\partyrun\x64\release\statemachine.obj
d:\sitprojects\ict1009team31cpp\partyrun\x64\release\player.obj
d:\sitprojects\ict1009team31cpp\partyrun\x64\release\mainscreen.obj
d:\sitprojects\ict1009team31cpp\partyrun\x64\release\main.obj
d:\sitprojects\ict1009team31cpp\partyrun\x64\release\gamemanager.obj
d:\sitprojects\ict1009team31cpp\partyrun\x64\release\gamescreen.obj
d:\sitprojects\ict1009team31cpp\partyrun\x64\release\backgroundmanager.obj
d:\sitprojects\ict1009team31cpp\partyrun\x64\release\backgroundimage.obj
d:\sitprojects\ict1009team31cpp\partyrun\x64\release\assetmanager.obj
d:\sitprojects\ict1009team31cpp\partyrun\x64\release\partyrun.exe
d:\sitprojects\ict1009team31cpp\partyrun\x64\release\partyrun.pdb
d:\sitprojects\ict1009team31cpp\partyrun\x64\release\partyrun.ipdb
d:\sitprojects\ict1009team31cpp\partyrun\x64\release\partyrun.iobj
d:\sitprojects\ict1009team31cpp\partyrun\x64\release\partyrun.tlog\cl.command.1.tlog
d:\sitprojects\ict1009team31cpp\partyrun\x64\release\partyrun.tlog\cl.read.1.tlog
d:\sitprojects\ict1009team31cpp\partyrun\x64\release\partyrun.tlog\cl.write.1.tlog
d:\sitprojects\ict1009team31cpp\partyrun\x64\release\partyrun.tlog\link.command.1.tlog
d:\sitprojects\ict1009team31cpp\partyrun\x64\release\partyrun.tlog\link.read.1.tlog
d:\sitprojects\ict1009team31cpp\partyrun\x64\release\partyrun.tlog\link.write.1.tlog
d:\sitprojects\ict1009team31cpp\partyrun\x64\release\partyrun.tlog\partyrun.write.1u.tlog
