  AssetManager.cpp
D:\SIT\ICT_1009_Object_Oriented_Programming\Assignment2\Project\ICT1009Team31CPP\PartyRun\header\stdafx.h(4,10): fatal error C1083: Cannot open include file: 'SFML/Graphics.hpp': No such file or directory
  BackgroundImage.cpp
D:\SIT\ICT_1009_Object_Oriented_Programming\Assignment2\Project\ICT1009Team31CPP\PartyRun\header\stdafx.h(4,10): fatal error C1083: Cannot open include file: 'SFML/Graphics.hpp': No such file or directory
  BackgroundManager.cpp
D:\SIT\ICT_1009_Object_Oriented_Programming\Assignment2\Project\ICT1009Team31CPP\PartyRun\header\stdafx.h(4,10): fatal error C1083: Cannot open include file: 'SFML/Graphics.hpp': No such file or directory
  EndScreen.cpp
D:\SIT\ICT_1009_Object_Oriented_Programming\Assignment2\Project\ICT1009Team31CPP\PartyRun\header\stdafx.h(4,10): fatal error C1083: Cannot open include file: 'SFML/Graphics.hpp': No such file or directory
  GameScreen.cpp
  GameManager.cpp
D:\SIT\ICT_1009_Object_Oriented_Programming\Assignment2\Project\ICT1009Team31CPP\PartyRun\header\stdafx.h(4,10): fatal error C1083: Cannot open include file: 'SFML/Graphics.hpp': No such file or directory
  Main.cpp
D:\SIT\ICT_1009_Object_Oriented_Programming\Assignment2\Project\ICT1009Team31CPP\PartyRun\header\stdafx.h(4,10): fatal error C1083: Cannot open include file: 'SFML/Graphics.hpp': No such file or directory
  MainScreen.cpp
D:\SIT\ICT_1009_Object_Oriented_Programming\Assignment2\Project\ICT1009Team31CPP\PartyRun\header\stdafx.h(4,10): fatal error C1083: Cannot open include file: 'SFML/Graphics.hpp': No such file or directory
  Player.cpp
D:\SIT\ICT_1009_Object_Oriented_Programming\Assignment2\Project\ICT1009Team31CPP\PartyRun\header\stdafx.h(4,10): fatal error C1083: Cannot open include file: 'SFML/Graphics.hpp': No such file or directory
  PlayScreen.cpp
D:\SIT\ICT_1009_Object_Oriented_Programming\Assignment2\Project\ICT1009Team31CPP\PartyRun\header\stdafx.h(4,10): fatal error C1083: Cannot open include file: 'SFML/Graphics.hpp': No such file or directory
  StateMachine.cpp
  Generating Code...
