  Crow.cpp
D:\SiTProjects\ICT1009Team31CPP\PartyRun\src\Crow.cpp(7,20): warning C4244: '=': conversion from 'float' to 'int', possible loss of data
D:\SiTProjects\ICT1009Team31CPP\PartyRun\src\Crow.cpp(8,20): warning C4244: '=': conversion from 'float' to 'int', possible loss of data
D:\SiTProjects\ICT1009Team31CPP\PartyRun\src\Crow.cpp(11,18): warning C4244: '=': conversion from 'float' to 'int', possible loss of data
D:\SiTProjects\ICT1009Team31CPP\PartyRun\src\Crow.cpp(45,33): warning C4244: '=': conversion from 'T' to 'int', possible loss of data
          with
          [
              T=float
          ]
D:\SiTProjects\ICT1009Team31CPP\PartyRun\src\Crow.cpp(46,33): warning C4244: '=': conversion from 'T' to 'int', possible loss of data
          with
          [
              T=float
          ]
D:\SiTProjects\ICT1009Team31CPP\PartyRun\src\Crow.cpp(49,17): warning C4244: '=': conversion from 'float' to 'int', possible loss of data
D:\SiTProjects\ICT1009Team31CPP\PartyRun\src\Crow.cpp(112,53): warning C4244: 'argument': conversion from 'int' to 'float', possible loss of data
D:\SiTProjects\ICT1009Team31CPP\PartyRun\src\Crow.cpp(112,36): warning C4244: 'argument': conversion from 'int' to 'float', possible loss of data
  DoubleJumpCollectable.cpp
D:\SiTProjects\ICT1009Team31CPP\PartyRun\src\DoubleJumpCollectable.cpp(14,33): warning C4244: '=': conversion from 'T' to 'int', possible loss of data
          with
          [
              T=float
          ]
D:\SiTProjects\ICT1009Team31CPP\PartyRun\src\DoubleJumpCollectable.cpp(15,33): warning C4244: '=': conversion from 'T' to 'int', possible loss of data
          with
          [
              T=float
          ]
D:\SiTProjects\ICT1009Team31CPP\PartyRun\src\DoubleJumpCollectable.cpp(18,17): warning C4244: '=': conversion from 'float' to 'int', possible loss of data
D:\SiTProjects\ICT1009Team31CPP\PartyRun\src\DoubleJumpCollectable.cpp(65,52): warning C4244: 'argument': conversion from 'int' to 'float', possible loss of data
D:\SiTProjects\ICT1009Team31CPP\PartyRun\src\DoubleJumpCollectable.cpp(65,35): warning C4244: 'argument': conversion from 'int' to 'float', possible loss of data
D:\SiTProjects\ICT1009Team31CPP\PartyRun\src\DoubleJumpCollectable.cpp(106,55): warning C4244: 'argument': conversion from 'int' to 'float', possible loss of data
D:\SiTProjects\ICT1009Team31CPP\PartyRun\src\DoubleJumpCollectable.cpp(106,38): warning C4244: 'argument': conversion from 'int' to 'float', possible loss of data
  InvulCollectable.cpp
D:\SiTProjects\ICT1009Team31CPP\PartyRun\src\InvulCollectable.cpp(14,33): warning C4244: '=': conversion from 'T' to 'int', possible loss of data
          with
          [
              T=float
          ]
D:\SiTProjects\ICT1009Team31CPP\PartyRun\src\InvulCollectable.cpp(15,33): warning C4244: '=': conversion from 'T' to 'int', possible loss of data
          with
          [
              T=float
          ]
D:\SiTProjects\ICT1009Team31CPP\PartyRun\src\InvulCollectable.cpp(18,17): warning C4244: '=': conversion from 'float' to 'int', possible loss of data
D:\SiTProjects\ICT1009Team31CPP\PartyRun\src\InvulCollectable.cpp(65,52): warning C4244: 'argument': conversion from 'int' to 'float', possible loss of data
D:\SiTProjects\ICT1009Team31CPP\PartyRun\src\InvulCollectable.cpp(65,35): warning C4244: 'argument': conversion from 'int' to 'float', possible loss of data
D:\SiTProjects\ICT1009Team31CPP\PartyRun\src\InvulCollectable.cpp(106,55): warning C4244: 'argument': conversion from 'int' to 'float', possible loss of data
D:\SiTProjects\ICT1009Team31CPP\PartyRun\src\InvulCollectable.cpp(106,38): warning C4244: 'argument': conversion from 'int' to 'float', possible loss of data
  Platform.cpp
D:\SiTProjects\ICT1009Team31CPP\PartyRun\src\Platform.cpp(6,20): warning C4244: '=': conversion from 'float' to 'int', possible loss of data
D:\SiTProjects\ICT1009Team31CPP\PartyRun\src\Platform.cpp(7,20): warning C4244: '=': conversion from 'float' to 'int', possible loss of data
D:\SiTProjects\ICT1009Team31CPP\PartyRun\src\Platform.cpp(10,18): warning C4244: '=': conversion from 'float' to 'int', possible loss of data
D:\SiTProjects\ICT1009Team31CPP\PartyRun\src\Platform.cpp(42,33): warning C4244: '=': conversion from 'T' to 'int', possible loss of data
          with
          [
              T=float
          ]
D:\SiTProjects\ICT1009Team31CPP\PartyRun\src\Platform.cpp(43,33): warning C4244: '=': conversion from 'T' to 'int', possible loss of data
          with
          [
              T=float
          ]
D:\SiTProjects\ICT1009Team31CPP\PartyRun\src\Platform.cpp(46,17): warning C4244: '=': conversion from 'float' to 'int', possible loss of data
D:\SiTProjects\ICT1009Team31CPP\PartyRun\src\Platform.cpp(102,53): warning C4244: 'argument': conversion from 'int' to 'float', possible loss of data
D:\SiTProjects\ICT1009Team31CPP\PartyRun\src\Platform.cpp(102,36): warning C4244: 'argument': conversion from 'int' to 'float', possible loss of data
  Player.cpp
  Generating Code...
  PartyRun.vcxproj -> D:\SiTProjects\ICT1009Team31CPP\PartyRun\x64\Debug\PartyRun.exe
