d:\sitprojects\ict1009team31cpp\partyrun\x64\debug\vc142.pdb
d:\sitprojects\ict1009team31cpp\partyrun\x64\debug\vc142.idb
d:\sitprojects\ict1009team31cpp\partyrun\x64\debug\statemachine.obj
d:\sitprojects\ict1009team31cpp\partyrun\x64\debug\playscreen.obj
d:\sitprojects\ict1009team31cpp\partyrun\x64\debug\player.obj
d:\sitprojects\ict1009team31cpp\partyrun\x64\debug\mainscreen.obj
d:\sitprojects\ict1009team31cpp\partyrun\x64\debug\main.obj
d:\sitprojects\ict1009team31cpp\partyrun\x64\debug\gamemanager.obj
d:\sitprojects\ict1009team31cpp\partyrun\x64\debug\gamescreen.obj
d:\sitprojects\ict1009team31cpp\partyrun\x64\debug\endscreen.obj
d:\sitprojects\ict1009team31cpp\partyrun\x64\debug\backgroundmanager.obj
d:\sitprojects\ict1009team31cpp\partyrun\x64\debug\backgroundimage.obj
d:\sitprojects\ict1009team31cpp\partyrun\x64\debug\assetmanager.obj
d:\sitprojects\ict1009team31cpp\partyrun\x64\debug\partyrun.ilk
d:\sitprojects\ict1009team31cpp\partyrun\x64\debug\partyrun.exe
d:\sitprojects\ict1009team31cpp\partyrun\x64\debug\partyrun.pdb
d:\sitprojects\ict1009team31cpp\partyrun\x64\debug\partyrun.tlog\cl.command.1.tlog
d:\sitprojects\ict1009team31cpp\partyrun\x64\debug\partyrun.tlog\cl.read.1.tlog
d:\sitprojects\ict1009team31cpp\partyrun\x64\debug\partyrun.tlog\cl.write.1.tlog
d:\sitprojects\ict1009team31cpp\partyrun\x64\debug\partyrun.tlog\link.command.1.tlog
d:\sitprojects\ict1009team31cpp\partyrun\x64\debug\partyrun.tlog\link.read.1.tlog
d:\sitprojects\ict1009team31cpp\partyrun\x64\debug\partyrun.tlog\link.write.1.tlog
